[debug] [2019-07-31T15:44:29.323Z] ----------------------------------------------------------------------
[debug] [2019-07-31T15:44:29.328Z] Command:       C:\Program Files\nodejs\node.exe C:\Users\patko\AppData\Roaming\npm\node_modules\firebase-tools\lib\bin\firebase.js deploy
[debug] [2019-07-31T15:44:29.328Z] CLI Version:   7.2.1
[debug] [2019-07-31T15:44:29.328Z] Platform:      win32
[debug] [2019-07-31T15:44:29.328Z] Node Version:  v8.10.0
[debug] [2019-07-31T15:44:29.329Z] Time:          Wed Jul 31 2019 17:44:29 GMT+0200 (Central European Daylight Time)
[debug] [2019-07-31T15:44:29.329Z] ----------------------------------------------------------------------
[debug] 
[debug] [2019-07-31T15:44:29.341Z] > command requires scopes: ["email","openid","https://www.googleapis.com/auth/cloudplatformprojects.readonly","https://www.googleapis.com/auth/firebase","https://www.googleapis.com/auth/cloud-platform"]
[debug] [2019-07-31T15:44:29.343Z] > authorizing via signed-in user
[debug] [2019-07-31T15:44:29.343Z] [iam] checking project stocks-af048 for permissions ["firebase.projects.get","firebasehosting.sites.update"]
[debug] [2019-07-31T15:44:29.345Z] >>> HTTP REQUEST POST https://cloudresourcemanager.googleapis.com/v1/projects/stocks-af048:testIamPermissions  

[debug] [2019-07-31T15:44:30.285Z] <<< HTTP RESPONSE 200
[debug] [2019-07-31T15:44:30.288Z] >>> HTTP REQUEST GET https://firebase.googleapis.com/v1beta1/projects/stocks-af048  
 
[debug] [2019-07-31T15:44:30.539Z] <<< HTTP RESPONSE 200
[info] 
[info] === Deploying to 'stocks-af048'...
[info] 
[info] i  deploying hosting
[debug] [2019-07-31T15:44:30.545Z] >>> HTTP REQUEST POST https://firebasehosting.googleapis.com/v1beta1/sites/stocks-af048/versions  

[debug] [2019-07-31T15:44:31.306Z] <<< HTTP RESPONSE 200
[info] i  hosting[stocks-af048]: beginning deploy...
[info] i  hosting[stocks-af048]: found 16 files in build
[debug] [2019-07-31T15:44:31.358Z] [hosting] hash cache [YnVpbGQ] load error: lines is not defined
[debug] [2019-07-31T15:44:32.464Z] [hosting] hash cache [YnVpbGQ] stored for 16 files
[debug] [2019-07-31T15:44:32.465Z] [hosting][hash queue][FINAL]
[debug] [2019-07-31T15:44:32.465Z] >>> HTTP REQUEST POST https://firebasehosting.googleapis.com/v1beta1/sites/stocks-af048/versions/d106bea0b7bf1b92:populateFiles  
 <request body omitted>
